<?xml version="1.0" encoding="UTF-8"?>
<testng-results ignored="0" total="5" passed="5" failed="0" skipped="0">
  <reporter-output>
  </reporter-output>
  <suite started-at="2023-11-07T10:55:27 IST" name="Surefire suite" finished-at="2023-11-07T10:55:27 IST" duration-ms="72">
    <groups>
    </groups>
    <test started-at="2023-11-07T10:55:27 IST" name="Surefire test" finished-at="2023-11-07T10:55:27 IST" duration-ms="72">
      <class name="dd.UserValidationTest">
        <test-method signature="testCase1()[pri:0, instance:dd.UserValidationTest@12d3a4e9]" started-at="2023-11-07T10:55:27 IST" name="testCase1" finished-at="2023-11-07T10:55:27 IST" duration-ms="14" status="PASS">
          <reporter-output>
          </reporter-output>
        </test-method> <!-- testCase1 -->
        <test-method signature="testCase2()[pri:0, instance:dd.UserValidationTest@12d3a4e9]" started-at="2023-11-07T10:55:27 IST" name="testCase2" finished-at="2023-11-07T10:55:27 IST" duration-ms="1" status="PASS">
          <reporter-output>
          </reporter-output>
        </test-method> <!-- testCase2 -->
        <test-method signature="testCase3()[pri:0, instance:dd.UserValidationTest@12d3a4e9]" started-at="2023-11-07T10:55:27 IST" name="testCase3" finished-at="2023-11-07T10:55:27 IST" duration-ms="1" status="PASS">
          <reporter-output>
          </reporter-output>
        </test-method> <!-- testCase3 -->
        <test-method signature="testCase4()[pri:0, instance:dd.UserValidationTest@12d3a4e9]" started-at="2023-11-07T10:55:27 IST" name="testCase4" finished-at="2023-11-07T10:55:27 IST" duration-ms="1" status="PASS">
          <reporter-output>
          </reporter-output>
        </test-method> <!-- testCase4 -->
        <test-method signature="testCase5()[pri:0, instance:dd.UserValidationTest@12d3a4e9]" started-at="2023-11-07T10:55:27 IST" name="testCase5" finished-at="2023-11-07T10:55:27 IST" duration-ms="1" status="PASS">
          <reporter-output>
          </reporter-output>
        </test-method> <!-- testCase5 -->
      </class> <!-- dd.UserValidationTest -->
    </test> <!-- Surefire test -->
  </suite> <!-- Surefire suite -->
</testng-results>
